This file contains any messages produced by compilers while
running configure, to aid debugging if configure makes a mistake.

It was created by libcoap configure 4.2.0, which was
generated by GNU Autoconf 2.69.  Invocation command line was

  $ ./configure --enable-dtls --with-mbedtls --disable-shared --disable-doxygen --disable-manpages

## --------- ##
## Platform. ##
## --------- ##

hostname = Pegah-PC
uname -m = x86_64
uname -r = 4.20.0-042000-generic
uname -s = Linux
uname -v = #201812232030 SMP Mon Dec 24 01:32:58 UTC 2018

/usr/bin/uname -p = unknown
/bin/uname -X     = unknown

/bin/arch              = unknown
/usr/bin/arch -k       = unknown
/usr/convex/getsysinfo = unknown
/usr/bin/hostinfo      = unknown
/bin/machine           = unknown
/usr/bin/oslevel       = unknown
/bin/universe          = unknown

PATH: /home/pegah/Downloads/google-cloud-sdk-246.0.0-linux-x86_64/google-cloud-sdk/bin
PATH: /usr/local/spark/bin
PATH: /home/pegah/bin
PATH: /home/pegah/.local/bin
PATH: /usr/local/sbin
PATH: /usr/local/bin
PATH: /usr/sbin
PATH: /usr/bin
PATH: /sbin
PATH: /bin
PATH: /usr/games
PATH: /usr/local/games
PATH: /snap/bin
PATH: //home/pegah/Downloads/omnetpp-5.4.1/bin/


## ----------- ##
## Core tests. ##
## ----------- ##

configure:2481: checking for a BSD-compatible install
configure:2549: result: /usr/bin/install -c
configure:2560: checking whether build environment is sane
configure:2615: result: yes
configure:2766: checking for a thread-safe mkdir -p
configure:2805: result: /bin/mkdir -p
configure:2812: checking for gawk
configure:2828: found /usr/bin/gawk
configure:2839: result: gawk
configure:2850: checking whether make sets $(MAKE)
configure:2872: result: yes
configure:2901: checking whether make supports nested variables
configure:2918: result: yes
configure:3089: checking for pkg-config
configure:3107: found /usr/bin/pkg-config
configure:3119: result: /usr/bin/pkg-config
configure:3144: checking pkg-config is at least version 0.20
configure:3147: result: yes
configure:3210: checking for gcc
configure:3226: found /usr/bin/gcc
configure:3237: result: gcc
configure:3466: checking for C compiler version
configure:3475: gcc --version >&5
gcc (Ubuntu 7.4.0-1ubuntu1~18.04.1) 7.4.0
Copyright (C) 2017 Free Software Foundation, Inc.
This is free software; see the source for copying conditions.  There is NO
warranty; not even for MERCHANTABILITY or FITNESS FOR A PARTICULAR PURPOSE.

configure:3486: $? = 0
configure:3475: gcc -v >&5
Using built-in specs.
COLLECT_GCC=gcc
COLLECT_LTO_WRAPPER=/usr/lib/gcc/x86_64-linux-gnu/7/lto-wrapper
OFFLOAD_TARGET_NAMES=nvptx-none
OFFLOAD_TARGET_DEFAULT=1
Target: x86_64-linux-gnu
Configured with: ../src/configure -v --with-pkgversion='Ubuntu 7.4.0-1ubuntu1~18.04.1' --with-bugurl=file:///usr/share/doc/gcc-7/README.Bugs --enable-languages=c,ada,c++,go,brig,d,fortran,objc,obj-c++ --prefix=/usr --with-gcc-major-version-only --program-suffix=-7 --program-prefix=x86_64-linux-gnu- --enable-shared --enable-linker-build-id --libexecdir=/usr/lib --without-included-gettext --enable-threads=posix --libdir=/usr/lib --enable-nls --with-sysroot=/ --enable-clocale=gnu --enable-libstdcxx-debug --enable-libstdcxx-time=yes --with-default-libstdcxx-abi=new --enable-gnu-unique-object --disable-vtable-verify --enable-libmpx --enable-plugin --enable-default-pie --with-system-zlib --with-target-system-zlib --enable-objc-gc=auto --enable-multiarch --disable-werror --with-arch-32=i686 --with-abi=m64 --with-multilib-list=m32,m64,mx32 --enable-multilib --with-tune=generic --enable-offload-targets=nvptx-none --without-cuda-driver --enable-checking=release --build=x86_64-linux-gnu --host=x86_64-linux-gnu --target=x86_64-linux-gnu
Thread model: posix
gcc version 7.4.0 (Ubuntu 7.4.0-1ubuntu1~18.04.1) 
configure:3486: $? = 0
configure:3475: gcc -V >&5
gcc: error: unrecognized command line option '-V'
gcc: fatal error: no input files
compilation terminated.
configure:3486: $? = 1
configure:3475: gcc -qversion >&5
gcc: error: unrecognized command line option '-qversion'; did you mean '--version'?
gcc: fatal error: no input files
compilation terminated.
configure:3486: $? = 1
configure:3506: checking whether the C compiler works
configure:3528: gcc    conftest.c  >&5
configure:3532: $? = 0
configure:3580: result: yes
configure:3583: checking for C compiler default output file name
configure:3585: result: a.out
configure:3591: checking for suffix of executables
configure:3598: gcc -o conftest    conftest.c  >&5
configure:3602: $? = 0
configure:3624: result: 
configure:3646: checking whether we are cross compiling
configure:3654: gcc -o conftest    conftest.c  >&5
configure:3658: $? = 0
configure:3665: ./conftest
configure:3669: $? = 0
configure:3684: result: no
configure:3689: checking for suffix of object files
configure:3711: gcc -c   conftest.c >&5
configure:3715: $? = 0
configure:3736: result: o
configure:3740: checking whether we are using the GNU C compiler
configure:3759: gcc -c   conftest.c >&5
configure:3759: $? = 0
configure:3768: result: yes
configure:3777: checking whether gcc accepts -g
configure:3797: gcc -c -g  conftest.c >&5
configure:3797: $? = 0
configure:3838: result: yes
configure:3855: checking for gcc option to accept ISO C89
configure:3918: gcc  -c -g -O2  conftest.c >&5
configure:3918: $? = 0
configure:3931: result: none needed
configure:3956: checking whether gcc understands -c and -o together
configure:3978: gcc -c conftest.c -o conftest2.o
configure:3981: $? = 0
configure:3978: gcc -c conftest.c -o conftest2.o
configure:3981: $? = 0
configure:3993: result: yes
configure:4021: checking for style of include used by make
configure:4049: result: GNU
configure:4075: checking dependency style of gcc
configure:4186: result: gcc3
configure:4202: checking for a sed that does not truncate output
configure:4266: result: /bin/sed
configure:4323: checking for ar
configure:4339: found /usr/bin/ar
configure:4350: result: ar
configure:4376: checking the archiver (ar) interface
configure:4392: gcc -c -g -O2  conftest.c >&5
configure:4392: $? = 0
configure:4394: ar cru libconftest.a conftest.o >&5
ar: `u' modifier ignored since `D' is the default (see `U')
configure:4397: $? = 0
configure:4425: result: ar
configure:4451: checking how to run the C preprocessor
configure:4482: gcc -E  conftest.c
configure:4482: $? = 0
configure:4496: gcc -E  conftest.c
conftest.c:9:10: fatal error: ac_nonexistent.h: No such file or directory
 #include <ac_nonexistent.h>
          ^~~~~~~~~~~~~~~~~~
compilation terminated.
configure:4496: $? = 1
configure: failed program was:
| /* confdefs.h */
| #define PACKAGE_NAME "libcoap"
| #define PACKAGE_TARNAME "libcoap"
| #define PACKAGE_VERSION "4.2.0"
| #define PACKAGE_STRING "libcoap 4.2.0"
| #define PACKAGE_BUGREPORT "libcoap-developers@lists.sourceforge.net"
| #define PACKAGE_URL "https://libcoap.net/"
| /* end confdefs.h.  */
| #include <ac_nonexistent.h>
configure:4521: result: gcc -E
configure:4541: gcc -E  conftest.c
configure:4541: $? = 0
configure:4555: gcc -E  conftest.c
conftest.c:9:10: fatal error: ac_nonexistent.h: No such file or directory
 #include <ac_nonexistent.h>
          ^~~~~~~~~~~~~~~~~~
compilation terminated.
configure:4555: $? = 1
configure: failed program was:
| /* confdefs.h */
| #define PACKAGE_NAME "libcoap"
| #define PACKAGE_TARNAME "libcoap"
| #define PACKAGE_VERSION "4.2.0"
| #define PACKAGE_STRING "libcoap 4.2.0"
| #define PACKAGE_BUGREPORT "libcoap-developers@lists.sourceforge.net"
| #define PACKAGE_URL "https://libcoap.net/"
| /* end confdefs.h.  */
| #include <ac_nonexistent.h>
configure:4584: checking for grep that handles long lines and -e
configure:4642: result: /bin/grep
configure:4647: checking for egrep
configure:4709: result: /bin/grep -E
configure:4714: checking for ANSI C header files
configure:4734: gcc -c -g -O2  conftest.c >&5
configure:4734: $? = 0
configure:4807: gcc -o conftest -g -O2   conftest.c  >&5
configure:4807: $? = 0
configure:4807: ./conftest
configure:4807: $? = 0
configure:4818: result: yes
configure:4831: checking for sys/types.h
configure:4831: gcc -c -g -O2  conftest.c >&5
configure:4831: $? = 0
configure:4831: result: yes
configure:4831: checking for sys/stat.h
configure:4831: gcc -c -g -O2  conftest.c >&5
configure:4831: $? = 0
configure:4831: result: yes
configure:4831: checking for stdlib.h
configure:4831: gcc -c -g -O2  conftest.c >&5
configure:4831: $? = 0
configure:4831: result: yes
configure:4831: checking for string.h
configure:4831: gcc -c -g -O2  conftest.c >&5
configure:4831: $? = 0
configure:4831: result: yes
configure:4831: checking for memory.h
configure:4831: gcc -c -g -O2  conftest.c >&5
configure:4831: $? = 0
configure:4831: result: yes
configure:4831: checking for strings.h
configure:4831: gcc -c -g -O2  conftest.c >&5
configure:4831: $? = 0
configure:4831: result: yes
configure:4831: checking for inttypes.h
configure:4831: gcc -c -g -O2  conftest.c >&5
configure:4831: $? = 0
configure:4831: result: yes
configure:4831: checking for stdint.h
configure:4831: gcc -c -g -O2  conftest.c >&5
configure:4831: $? = 0
configure:4831: result: yes
configure:4831: checking for unistd.h
configure:4831: gcc -c -g -O2  conftest.c >&5
configure:4831: $? = 0
configure:4831: result: yes
configure:4843: checking whether byte ordering is bigendian
configure:4858: gcc -c -g -O2  conftest.c >&5
conftest.c:20:9: error: unknown type name 'not'
         not a universal capable compiler
         ^~~
conftest.c:20:15: error: expected '=', ',', ';', 'asm' or '__attribute__' before 'universal'
         not a universal capable compiler
               ^~~~~~~~~
conftest.c:20:15: error: unknown type name 'universal'
configure:4858: $? = 1
configure: failed program was:
| /* confdefs.h */
| #define PACKAGE_NAME "libcoap"
| #define PACKAGE_TARNAME "libcoap"
| #define PACKAGE_VERSION "4.2.0"
| #define PACKAGE_STRING "libcoap 4.2.0"
| #define PACKAGE_BUGREPORT "libcoap-developers@lists.sourceforge.net"
| #define PACKAGE_URL "https://libcoap.net/"
| #define STDC_HEADERS 1
| #define HAVE_SYS_TYPES_H 1
| #define HAVE_SYS_STAT_H 1
| #define HAVE_STDLIB_H 1
| #define HAVE_STRING_H 1
| #define HAVE_MEMORY_H 1
| #define HAVE_STRINGS_H 1
| #define HAVE_INTTYPES_H 1
| #define HAVE_STDINT_H 1
| #define HAVE_UNISTD_H 1
| /* end confdefs.h.  */
| #ifndef __APPLE_CC__
| 	       not a universal capable compiler
| 	     #endif
| 	     typedef int dummy;
| 
configure:4903: gcc -c -g -O2  conftest.c >&5
configure:4903: $? = 0
configure:4921: gcc -c -g -O2  conftest.c >&5
conftest.c: In function 'main':
conftest.c:26:4: error: unknown type name 'not'; did you mean 'ino_t'?
    not big endian
    ^~~
    ino_t
conftest.c:26:12: error: expected '=', ',', ';', 'asm' or '__attribute__' before 'endian'
    not big endian
            ^~~~~~
configure:4921: $? = 1
configure: failed program was:
| /* confdefs.h */
| #define PACKAGE_NAME "libcoap"
| #define PACKAGE_TARNAME "libcoap"
| #define PACKAGE_VERSION "4.2.0"
| #define PACKAGE_STRING "libcoap 4.2.0"
| #define PACKAGE_BUGREPORT "libcoap-developers@lists.sourceforge.net"
| #define PACKAGE_URL "https://libcoap.net/"
| #define STDC_HEADERS 1
| #define HAVE_SYS_TYPES_H 1
| #define HAVE_SYS_STAT_H 1
| #define HAVE_STDLIB_H 1
| #define HAVE_STRING_H 1
| #define HAVE_MEMORY_H 1
| #define HAVE_STRINGS_H 1
| #define HAVE_INTTYPES_H 1
| #define HAVE_STDINT_H 1
| #define HAVE_UNISTD_H 1
| /* end confdefs.h.  */
| #include <sys/types.h>
| 		#include <sys/param.h>
| 
| int
| main ()
| {
| #if BYTE_ORDER != BIG_ENDIAN
| 		 not big endian
| 		#endif
| 
|   ;
|   return 0;
| }
configure:5049: result: no
configure:5098: checking build system type
configure:5112: result: x86_64-pc-linux-gnu
configure:5132: checking host system type
configure:5145: result: x86_64-pc-linux-gnu
configure:5186: checking how to print strings
configure:5213: result: printf
configure:5234: checking for a sed that does not truncate output
configure:5298: result: /bin/sed
configure:5316: checking for fgrep
configure:5378: result: /bin/grep -F
configure:5413: checking for ld used by gcc
configure:5480: result: /usr/bin/ld
configure:5487: checking if the linker (/usr/bin/ld) is GNU ld
configure:5502: result: yes
configure:5514: checking for BSD- or MS-compatible name lister (nm)
configure:5568: result: /usr/bin/nm -B
configure:5698: checking the name lister (/usr/bin/nm -B) interface
configure:5705: gcc -c -g -O2  conftest.c >&5
configure:5708: /usr/bin/nm -B "conftest.o"
configure:5711: output
0000000000000000 B some_variable
configure:5718: result: BSD nm
configure:5721: checking whether ln -s works
configure:5725: result: yes
configure:5733: checking the maximum length of command line arguments
configure:5864: result: 1572864
configure:5912: checking how to convert x86_64-pc-linux-gnu file names to x86_64-pc-linux-gnu format
configure:5952: result: func_convert_file_noop
configure:5959: checking how to convert x86_64-pc-linux-gnu file names to toolchain format
configure:5979: result: func_convert_file_noop
configure:5986: checking for /usr/bin/ld option to reload object files
configure:5993: result: -r
configure:6067: checking for objdump
configure:6083: found /usr/bin/objdump
configure:6094: result: objdump
configure:6126: checking how to recognize dependent libraries
configure:6326: result: pass_all
configure:6411: checking for dlltool
configure:6441: result: no
configure:6471: checking how to associate runtime and link libraries
configure:6498: result: printf %s\n
configure:6622: checking for archiver @FILE support
configure:6639: gcc -c -g -O2  conftest.c >&5
configure:6639: $? = 0
configure:6642: ar cru libconftest.a @conftest.lst >&5
ar: `u' modifier ignored since `D' is the default (see `U')
configure:6645: $? = 0
configure:6650: ar cru libconftest.a @conftest.lst >&5
ar: `u' modifier ignored since `D' is the default (see `U')
ar: conftest.o: No such file or directory
configure:6653: $? = 1
configure:6665: result: @
configure:6723: checking for strip
configure:6739: found /usr/bin/strip
configure:6750: result: strip
configure:6822: checking for ranlib
configure:6838: found /usr/bin/ranlib
configure:6849: result: ranlib
configure:6951: checking command to parse /usr/bin/nm -B output from gcc object
configure:7104: gcc -c -g -O2  conftest.c >&5
configure:7107: $? = 0
configure:7111: /usr/bin/nm -B conftest.o \| sed -n -e 's/^.*[ ]\([ABCDGIRSTW][ABCDGIRSTW]*\)[ ][ ]*\([_A-Za-z][_A-Za-z0-9]*\)$/\1 \2 \2/p' | sed '/ __gnu_lto/d' \> conftest.nm
configure:7114: $? = 0
configure:7180: gcc -o conftest -g -O2   conftest.c conftstm.o >&5
configure:7183: $? = 0
configure:7221: result: ok
configure:7268: checking for sysroot
configure:7298: result: no
configure:7305: checking for a working dd
configure:7343: result: /bin/dd
configure:7347: checking how to truncate binary pipes
configure:7362: result: /bin/dd bs=4096 count=1
configure:7498: gcc -c -g -O2  conftest.c >&5
configure:7501: $? = 0
configure:7691: checking for mt
configure:7707: found /bin/mt
configure:7718: result: mt
configure:7741: checking if mt is a manifest tool
configure:7747: mt '-?'
configure:7755: result: no
configure:8429: checking for dlfcn.h
configure:8429: gcc -c -g -O2  conftest.c >&5
configure:8429: $? = 0
configure:8429: result: yes
configure:8683: checking for objdir
configure:8698: result: .libs
configure:8962: checking if gcc supports -fno-rtti -fno-exceptions
configure:8980: gcc -c -g -O2  -fno-rtti -fno-exceptions conftest.c >&5
cc1: warning: command line option '-fno-rtti' is valid for C++/ObjC++ but not for C
configure:8984: $? = 0
configure:8997: result: no
configure:9355: checking for gcc option to produce PIC
configure:9362: result: -fPIC -DPIC
configure:9370: checking if gcc PIC flag -fPIC -DPIC works
configure:9388: gcc -c -g -O2  -fPIC -DPIC -DPIC conftest.c >&5
configure:9392: $? = 0
configure:9405: result: yes
configure:9434: checking if gcc static flag -static works
configure:9462: result: yes
configure:9477: checking if gcc supports -c -o file.o
configure:9498: gcc -c -g -O2  -o out/conftest2.o conftest.c >&5
configure:9502: $? = 0
configure:9524: result: yes
configure:9532: checking if gcc supports -c -o file.o
configure:9579: result: yes
configure:9612: checking whether the gcc linker (/usr/bin/ld -m elf_x86_64) supports shared libraries
configure:10875: result: yes
configure:11115: checking dynamic linker characteristics
configure:11696: gcc -o conftest -g -O2   -Wl,-rpath -Wl,/foo conftest.c  >&5
configure:11696: $? = 0
configure:11945: result: GNU/Linux ld.so
configure:12067: checking how to hardcode library paths into programs
configure:12092: result: immediate
configure:12640: checking whether stripping libraries is possible
configure:12645: result: yes
configure:12680: checking if libtool supports shared libraries
configure:12682: result: yes
configure:12685: checking whether to build shared libraries
configure:12710: result: no
configure:12713: checking whether to build static libraries
configure:12717: result: yes
configure:12856: checking whether C compiler accepts -Wlogical-op
configure:12875: gcc -c -g -O2 -Werror -Wlogical-op  conftest.c >&5
configure:12875: $? = 0
configure:12883: result: yes
configure:12891: checking whether C compiler accepts -fdiagnostics-color
configure:12910: gcc -c -g -O2 -Werror -fdiagnostics-color  conftest.c >&5
configure:12910: $? = 0
configure:12918: result: yes
configure:12926: checking whether C compiler accepts -Wunused-result
configure:12945: gcc -c -g -O2 -fdiagnostics-color  -Wunused-result  conftest.c >&5
configure:12945: $? = 0
configure:12953: result: yes
configure:12965: checking whether the linker accepts -Wl,--version-script=./libcoap-2.map
configure:12984: gcc -o conftest -g -O2 -fdiagnostics-color    -Wl,--version-script=./libcoap-2.map conftest.c  >&5
configure:12984: $? = 0
configure:12994: result: yes
configure:13465: checking for GnuTLS
configure:13472: $PKG_CONFIG --exists --print-errors "gnutls"
Package gnutls was not found in the pkg-config search path.
Perhaps you should add the directory containing `gnutls.pc'
to the PKG_CONFIG_PATH environment variable
No package 'gnutls' found
configure:13475: $? = 1
configure:13489: $PKG_CONFIG --exists --print-errors "gnutls"
Package gnutls was not found in the pkg-config search path.
Perhaps you should add the directory containing `gnutls.pc'
to the PKG_CONFIG_PATH environment variable
No package 'gnutls' found
configure:13492: $? = 1
configure:13506: result: no
No package 'gnutls' found
configure:13538: checking for OpenSSL
configure:13545: $PKG_CONFIG --exists --print-errors "openssl"
configure:13548: $? = 0
configure:13562: $PKG_CONFIG --exists --print-errors "openssl"
configure:13565: $? = 0
configure:13603: result: yes
configure:13609: checking for mbedtls_ssl_handshake in -lmbedtls
configure:13634: gcc -o conftest -g -O2 -fdiagnostics-color   conftest.c -lmbedtls   >&5
configure:13634: $? = 0
configure:13643: result: yes
configure:13749: The use of MbedTLS was explicitly requested with configure option '--with-mbedtls'!
configure:14060: WARNING: gcov is disabled
configure:14239: checking for ctags
configure:14272: result: no
configure:14282: ==> Note: '(ex)ctags' command not found!
configure:14284: WARNING: ==> Without ctags you will be unable to run the target 'update-map-file'!
configure:14286: WARNING: ==> This is no problem if you just want to build the library libcoap.
configure:14307: checking assert.h usability
configure:14307: gcc -c -g -O2 -fdiagnostics-color  conftest.c >&5
configure:14307: $? = 0
configure:14307: result: yes
configure:14307: checking assert.h presence
configure:14307: gcc -E  conftest.c
configure:14307: $? = 0
configure:14307: result: yes
configure:14307: checking for assert.h
configure:14307: result: yes
configure:14307: checking arpa/inet.h usability
configure:14307: gcc -c -g -O2 -fdiagnostics-color  conftest.c >&5
configure:14307: $? = 0
configure:14307: result: yes
configure:14307: checking arpa/inet.h presence
configure:14307: gcc -E  conftest.c
configure:14307: $? = 0
configure:14307: result: yes
configure:14307: checking for arpa/inet.h
configure:14307: result: yes
configure:14307: checking limits.h usability
configure:14307: gcc -c -g -O2 -fdiagnostics-color  conftest.c >&5
configure:14307: $? = 0
configure:14307: result: yes
configure:14307: checking limits.h presence
configure:14307: gcc -E  conftest.c
configure:14307: $? = 0
configure:14307: result: yes
configure:14307: checking for limits.h
configure:14307: result: yes
configure:14307: checking netdb.h usability
configure:14307: gcc -c -g -O2 -fdiagnostics-color  conftest.c >&5
configure:14307: $? = 0
configure:14307: result: yes
configure:14307: checking netdb.h presence
configure:14307: gcc -E  conftest.c
configure:14307: $? = 0
configure:14307: result: yes
configure:14307: checking for netdb.h
configure:14307: result: yes
configure:14307: checking netinet/in.h usability
configure:14307: gcc -c -g -O2 -fdiagnostics-color  conftest.c >&5
configure:14307: $? = 0
configure:14307: result: yes
configure:14307: checking netinet/in.h presence
configure:14307: gcc -E  conftest.c
configure:14307: $? = 0
configure:14307: result: yes
configure:14307: checking for netinet/in.h
configure:14307: result: yes
configure:14307: checking for stdlib.h
configure:14307: result: yes
configure:14307: checking for string.h
configure:14307: result: yes
configure:14307: checking for strings.h
configure:14307: result: yes
configure:14307: checking sys/socket.h usability
configure:14307: gcc -c -g -O2 -fdiagnostics-color  conftest.c >&5
configure:14307: $? = 0
configure:14307: result: yes
configure:14307: checking sys/socket.h presence
configure:14307: gcc -E  conftest.c
configure:14307: $? = 0
configure:14307: result: yes
configure:14307: checking for sys/socket.h
configure:14307: result: yes
configure:14307: checking sys/time.h usability
configure:14307: gcc -c -g -O2 -fdiagnostics-color  conftest.c >&5
configure:14307: $? = 0
configure:14307: result: yes
configure:14307: checking sys/time.h presence
configure:14307: gcc -E  conftest.c
configure:14307: $? = 0
configure:14307: result: yes
configure:14307: checking for sys/time.h
configure:14307: result: yes
configure:14307: checking time.h usability
configure:14307: gcc -c -g -O2 -fdiagnostics-color  conftest.c >&5
configure:14307: $? = 0
configure:14307: result: yes
configure:14307: checking time.h presence
configure:14307: gcc -E  conftest.c
configure:14307: $? = 0
configure:14307: result: yes
configure:14307: checking for time.h
configure:14307: result: yes
configure:14307: checking for unistd.h
configure:14307: result: yes
configure:14307: checking sys/unistd.h usability
configure:14307: gcc -c -g -O2 -fdiagnostics-color  conftest.c >&5
configure:14307: $? = 0
configure:14307: result: yes
configure:14307: checking sys/unistd.h presence
configure:14307: gcc -E  conftest.c
configure:14307: $? = 0
configure:14307: result: yes
configure:14307: checking for sys/unistd.h
configure:14307: result: yes
configure:14307: checking syslog.h usability
configure:14307: gcc -c -g -O2 -fdiagnostics-color  conftest.c >&5
configure:14307: $? = 0
configure:14307: result: yes
configure:14307: checking syslog.h presence
configure:14307: gcc -E  conftest.c
configure:14307: $? = 0
configure:14307: result: yes
configure:14307: checking for syslog.h
configure:14307: result: yes
configure:14307: checking sys/ioctl.h usability
configure:14307: gcc -c -g -O2 -fdiagnostics-color  conftest.c >&5
configure:14307: $? = 0
configure:14307: result: yes
configure:14307: checking sys/ioctl.h presence
configure:14307: gcc -E  conftest.c
configure:14307: $? = 0
configure:14307: result: yes
configure:14307: checking for sys/ioctl.h
configure:14307: result: yes
configure:14319: checking for size_t
configure:14319: gcc -c -g -O2 -fdiagnostics-color  conftest.c >&5
configure:14319: $? = 0
configure:14319: gcc -c -g -O2 -fdiagnostics-color  conftest.c >&5
[01m[Kconftest.c:[m[K In function '[01m[Kmain[m[K':
[01m[Kconftest.c:73:21:[m[K [01;31m[Kerror: [m[Kexpected expression before '[01m[K)[m[K' token
 if (sizeof ((size_t)[01;31m[K)[m[K)
                     [01;31m[K^[m[K
configure:14319: $? = 1
configure: failed program was:
| /* confdefs.h */
| #define PACKAGE_NAME "libcoap"
| #define PACKAGE_TARNAME "libcoap"
| #define PACKAGE_VERSION "4.2.0"
| #define PACKAGE_STRING "libcoap 4.2.0"
| #define PACKAGE_BUGREPORT "libcoap-developers@lists.sourceforge.net"
| #define PACKAGE_URL "https://libcoap.net/"
| #define STDC_HEADERS 1
| #define HAVE_SYS_TYPES_H 1
| #define HAVE_SYS_STAT_H 1
| #define HAVE_STDLIB_H 1
| #define HAVE_STRING_H 1
| #define HAVE_MEMORY_H 1
| #define HAVE_STRINGS_H 1
| #define HAVE_INTTYPES_H 1
| #define HAVE_STDINT_H 1
| #define HAVE_UNISTD_H 1
| #define HAVE_DLFCN_H 1
| #define LT_OBJDIR ".libs/"
| #define HAVE_MBEDTLS 1
| #define HAVE_ASSERT_H 1
| #define HAVE_ARPA_INET_H 1
| #define HAVE_LIMITS_H 1
| #define HAVE_NETDB_H 1
| #define HAVE_NETINET_IN_H 1
| #define HAVE_STDLIB_H 1
| #define HAVE_STRING_H 1
| #define HAVE_STRINGS_H 1
| #define HAVE_SYS_SOCKET_H 1
| #define HAVE_SYS_TIME_H 1
| #define HAVE_TIME_H 1
| #define HAVE_UNISTD_H 1
| #define HAVE_SYS_UNISTD_H 1
| #define HAVE_SYSLOG_H 1
| #define HAVE_SYS_IOCTL_H 1
| /* end confdefs.h.  */
| #include <stdio.h>
| #ifdef HAVE_SYS_TYPES_H
| # include <sys/types.h>
| #endif
| #ifdef HAVE_SYS_STAT_H
| # include <sys/stat.h>
| #endif
| #ifdef STDC_HEADERS
| # include <stdlib.h>
| # include <stddef.h>
| #else
| # ifdef HAVE_STDLIB_H
| #  include <stdlib.h>
| # endif
| #endif
| #ifdef HAVE_STRING_H
| # if !defined STDC_HEADERS && defined HAVE_MEMORY_H
| #  include <memory.h>
| # endif
| # include <string.h>
| #endif
| #ifdef HAVE_STRINGS_H
| # include <strings.h>
| #endif
| #ifdef HAVE_INTTYPES_H
| # include <inttypes.h>
| #endif
| #ifdef HAVE_STDINT_H
| # include <stdint.h>
| #endif
| #ifdef HAVE_UNISTD_H
| # include <unistd.h>
| #endif
| int
| main ()
| {
| if (sizeof ((size_t)))
| 	    return 0;
|   ;
|   return 0;
| }
configure:14319: result: yes
configure:14330: checking for ssize_t
configure:14330: gcc -c -g -O2 -fdiagnostics-color  conftest.c >&5
configure:14330: $? = 0
configure:14330: gcc -c -g -O2 -fdiagnostics-color  conftest.c >&5
[01m[Kconftest.c:[m[K In function '[01m[Kmain[m[K':
[01m[Kconftest.c:73:22:[m[K [01;31m[Kerror: [m[Kexpected expression before '[01m[K)[m[K' token
 if (sizeof ((ssize_t)[01;31m[K)[m[K)
                      [01;31m[K^[m[K
configure:14330: $? = 1
configure: failed program was:
| /* confdefs.h */
| #define PACKAGE_NAME "libcoap"
| #define PACKAGE_TARNAME "libcoap"
| #define PACKAGE_VERSION "4.2.0"
| #define PACKAGE_STRING "libcoap 4.2.0"
| #define PACKAGE_BUGREPORT "libcoap-developers@lists.sourceforge.net"
| #define PACKAGE_URL "https://libcoap.net/"
| #define STDC_HEADERS 1
| #define HAVE_SYS_TYPES_H 1
| #define HAVE_SYS_STAT_H 1
| #define HAVE_STDLIB_H 1
| #define HAVE_STRING_H 1
| #define HAVE_MEMORY_H 1
| #define HAVE_STRINGS_H 1
| #define HAVE_INTTYPES_H 1
| #define HAVE_STDINT_H 1
| #define HAVE_UNISTD_H 1
| #define HAVE_DLFCN_H 1
| #define LT_OBJDIR ".libs/"
| #define HAVE_MBEDTLS 1
| #define HAVE_ASSERT_H 1
| #define HAVE_ARPA_INET_H 1
| #define HAVE_LIMITS_H 1
| #define HAVE_NETDB_H 1
| #define HAVE_NETINET_IN_H 1
| #define HAVE_STDLIB_H 1
| #define HAVE_STRING_H 1
| #define HAVE_STRINGS_H 1
| #define HAVE_SYS_SOCKET_H 1
| #define HAVE_SYS_TIME_H 1
| #define HAVE_TIME_H 1
| #define HAVE_UNISTD_H 1
| #define HAVE_SYS_UNISTD_H 1
| #define HAVE_SYSLOG_H 1
| #define HAVE_SYS_IOCTL_H 1
| /* end confdefs.h.  */
| #include <stdio.h>
| #ifdef HAVE_SYS_TYPES_H
| # include <sys/types.h>
| #endif
| #ifdef HAVE_SYS_STAT_H
| # include <sys/stat.h>
| #endif
| #ifdef STDC_HEADERS
| # include <stdlib.h>
| # include <stddef.h>
| #else
| # ifdef HAVE_STDLIB_H
| #  include <stdlib.h>
| # endif
| #endif
| #ifdef HAVE_STRING_H
| # if !defined STDC_HEADERS && defined HAVE_MEMORY_H
| #  include <memory.h>
| # endif
| # include <string.h>
| #endif
| #ifdef HAVE_STRINGS_H
| # include <strings.h>
| #endif
| #ifdef HAVE_INTTYPES_H
| # include <inttypes.h>
| #endif
| #ifdef HAVE_STDINT_H
| # include <stdint.h>
| #endif
| #ifdef HAVE_UNISTD_H
| # include <unistd.h>
| #endif
| int
| main ()
| {
| if (sizeof ((ssize_t)))
| 	    return 0;
|   ;
|   return 0;
| }
configure:14330: result: yes
configure:14347: checking for memset
configure:14347: gcc -o conftest -g -O2 -fdiagnostics-color   conftest.c  >&5
[01m[Kconftest.c:60:6:[m[K [01;35m[Kwarning: [m[Kconflicting types for built-in function '[01m[Kmemset[m[K' [[01;35m[K-Wbuiltin-declaration-mismatch[m[K]
 char [01;35m[Kmemset[m[K ();
      [01;35m[K^~~~~~[m[K
configure:14347: $? = 0
configure:14347: result: yes
configure:14347: checking for select
configure:14347: gcc -o conftest -g -O2 -fdiagnostics-color   conftest.c  >&5
configure:14347: $? = 0
configure:14347: result: yes
configure:14347: checking for socket
configure:14347: gcc -o conftest -g -O2 -fdiagnostics-color   conftest.c  >&5
configure:14347: $? = 0
configure:14347: result: yes
configure:14347: checking for strcasecmp
configure:14347: gcc -o conftest -g -O2 -fdiagnostics-color   conftest.c  >&5
[01m[Kconftest.c:63:6:[m[K [01;35m[Kwarning: [m[Kconflicting types for built-in function '[01m[Kstrcasecmp[m[K' [[01;35m[K-Wbuiltin-declaration-mismatch[m[K]
 char [01;35m[Kstrcasecmp[m[K ();
      [01;35m[K^~~~~~~~~~[m[K
configure:14347: $? = 0
configure:14347: result: yes
configure:14347: checking for strrchr
configure:14347: gcc -o conftest -g -O2 -fdiagnostics-color   conftest.c  >&5
[01m[Kconftest.c:64:6:[m[K [01;35m[Kwarning: [m[Kconflicting types for built-in function '[01m[Kstrrchr[m[K' [[01;35m[K-Wbuiltin-declaration-mismatch[m[K]
 char [01;35m[Kstrrchr[m[K ();
      [01;35m[K^~~~~~~[m[K
configure:14347: $? = 0
configure:14347: result: yes
configure:14347: checking for getaddrinfo
configure:14347: gcc -o conftest -g -O2 -fdiagnostics-color   conftest.c  >&5
configure:14347: $? = 0
configure:14347: result: yes
configure:14347: checking for strnlen
configure:14347: gcc -o conftest -g -O2 -fdiagnostics-color   conftest.c  >&5
configure:14347: $? = 0
configure:14347: result: yes
configure:14347: checking for malloc
configure:14347: gcc -o conftest -g -O2 -fdiagnostics-color   conftest.c  >&5
[01m[Kconftest.c:67:6:[m[K [01;35m[Kwarning: [m[Kconflicting types for built-in function '[01m[Kmalloc[m[K' [[01;35m[K-Wbuiltin-declaration-mismatch[m[K]
 char [01;35m[Kmalloc[m[K ();
      [01;35m[K^~~~~~[m[K
configure:14347: $? = 0
configure:14347: result: yes
configure:14358: checking for library containing socket
configure:14389: gcc -o conftest -g -O2 -fdiagnostics-color   conftest.c  >&5
configure:14389: $? = 0
configure:14406: result: none required
configure:14414: checking for library containing inet_ntop
configure:14445: gcc -o conftest -g -O2 -fdiagnostics-color   conftest.c  >&5
configure:14445: $? = 0
configure:14462: result: none required
configure:14472: checking for library containing clock_gettime
configure:14503: gcc -o conftest -g -O2 -fdiagnostics-color   conftest.c  >&5
configure:14503: $? = 0
configure:14520: result: none required
configure:14530: checking for struct cmsghdr
configure:14530: gcc -c -g -O2 -fdiagnostics-color  conftest.c >&5
configure:14530: $? = 0
configure:14530: gcc -c -g -O2 -fdiagnostics-color  conftest.c >&5
[01m[Kconftest.c:[m[K In function '[01m[Kmain[m[K':
[01m[Kconftest.c:84:29:[m[K [01;31m[Kerror: [m[Kexpected expression before '[01m[K)[m[K' token
 if (sizeof ((struct cmsghdr)[01;31m[K)[m[K)
                             [01;31m[K^[m[K
configure:14530: $? = 1
configure: failed program was:
| /* confdefs.h */
| #define PACKAGE_NAME "libcoap"
| #define PACKAGE_TARNAME "libcoap"
| #define PACKAGE_VERSION "4.2.0"
| #define PACKAGE_STRING "libcoap 4.2.0"
| #define PACKAGE_BUGREPORT "libcoap-developers@lists.sourceforge.net"
| #define PACKAGE_URL "https://libcoap.net/"
| #define STDC_HEADERS 1
| #define HAVE_SYS_TYPES_H 1
| #define HAVE_SYS_STAT_H 1
| #define HAVE_STDLIB_H 1
| #define HAVE_STRING_H 1
| #define HAVE_MEMORY_H 1
| #define HAVE_STRINGS_H 1
| #define HAVE_INTTYPES_H 1
| #define HAVE_STDINT_H 1
| #define HAVE_UNISTD_H 1
| #define HAVE_DLFCN_H 1
| #define LT_OBJDIR ".libs/"
| #define HAVE_MBEDTLS 1
| #define HAVE_ASSERT_H 1
| #define HAVE_ARPA_INET_H 1
| #define HAVE_LIMITS_H 1
| #define HAVE_NETDB_H 1
| #define HAVE_NETINET_IN_H 1
| #define HAVE_STDLIB_H 1
| #define HAVE_STRING_H 1
| #define HAVE_STRINGS_H 1
| #define HAVE_SYS_SOCKET_H 1
| #define HAVE_SYS_TIME_H 1
| #define HAVE_TIME_H 1
| #define HAVE_UNISTD_H 1
| #define HAVE_SYS_UNISTD_H 1
| #define HAVE_SYSLOG_H 1
| #define HAVE_SYS_IOCTL_H 1
| #define HAVE_MEMSET 1
| #define HAVE_SELECT 1
| #define HAVE_SOCKET 1
| #define HAVE_STRCASECMP 1
| #define HAVE_STRRCHR 1
| #define HAVE_GETADDRINFO 1
| #define HAVE_STRNLEN 1
| #define HAVE_MALLOC 1
| /* end confdefs.h.  */
| 
| #include <stdio.h>
| #ifdef HAVE_SYS_TYPES_H
| # include <sys/types.h>
| #endif
| #ifdef HAVE_SYS_STAT_H
| # include <sys/stat.h>
| #endif
| #ifdef STDC_HEADERS
| # include <stdlib.h>
| # include <stddef.h>
| #else
| # ifdef HAVE_STDLIB_H
| #  include <stdlib.h>
| # endif
| #endif
| #ifdef HAVE_STRING_H
| # if !defined STDC_HEADERS && defined HAVE_MEMORY_H
| #  include <memory.h>
| # endif
| # include <string.h>
| #endif
| #ifdef HAVE_STRINGS_H
| # include <strings.h>
| #endif
| #ifdef HAVE_INTTYPES_H
| # include <inttypes.h>
| #endif
| #ifdef HAVE_STDINT_H
| # include <stdint.h>
| #endif
| #ifdef HAVE_UNISTD_H
| # include <unistd.h>
| #endif
| #include <sys/socket.h>
| 
| int
| main ()
| {
| if (sizeof ((struct cmsghdr)))
| 	    return 0;
|   ;
|   return 0;
| }
configure:14530: result: yes
configure:14544: checking operating system
configure:14552: result: Linux
configure:14728: checking that generated files are newer than configure
configure:14734: result: done
configure:14782: creating ./config.status

## ---------------------- ##
## Running config.status. ##
## ---------------------- ##

This file was extended by libcoap config.status 4.2.0, which was
generated by GNU Autoconf 2.69.  Invocation command line was

  CONFIG_FILES    = 
  CONFIG_HEADERS  = 
  CONFIG_LINKS    = 
  CONFIG_COMMANDS = 
  $ ./config.status 

on Pegah-PC

config.status:1175: creating Makefile
config.status:1175: creating doc/Makefile
config.status:1175: creating examples/Makefile
config.status:1175: creating include/coap2/coap.h
config.status:1175: creating man/coap.txt
config.status:1175: creating man/coap_attribute.txt
config.status:1175: creating man/coap_context.txt
config.status:1175: creating man/coap_encryption.txt
config.status:1175: creating man/coap_handler.txt
config.status:1175: creating man/coap_observe.txt
config.status:1175: creating man/coap_logging.txt
config.status:1175: creating man/coap_pdu_setup.txt
config.status:1175: creating man/coap_recovery.txt
config.status:1175: creating man/coap_resource.txt
config.status:1175: creating man/coap_session.txt
config.status:1175: creating man/coap_tls_library.txt
config.status:1175: creating man/coap-client.txt
config.status:1175: creating man/coap-server.txt
config.status:1175: creating man/coap-rd.txt
config.status:1175: creating man/Makefile
config.status:1175: creating tests/Makefile
config.status:1175: creating tests/oss-fuzz/Makefile.ci
config.status:1175: creating libcoap-2-mbedtls.pc
config.status:1175: creating coap_config.h
config.status:1404: executing depfiles commands
config.status:1404: executing libtool commands
configure:17100: result:
libcoap configuration summary:
      libcoap package version : "4.2.0"
      libcoap library version : "1.0.1"
      libcoap API version     : "2"
      libcoap DTLS lib extn   : "-mbedtls"
      host system             : "x86_64-pc-linux-gnu"
configure:17129: result:       build DTLS support      : "yes"
configure:17131: result:          -->  MbedTLS around  : "yes" (found MbedTLS )
configure:17133: result:               MBEDTLS_CFLAGS  : ""
configure:17135: result:               MBEDTLS_LIBS    : "-lmbedtls -lmbedcrypto -lmbedx509"
configure:17166: result:       build doxygen pages     : "no"
configure:17174: result:       build man pages         : "no"
configure:17181: result:       build unit test binary  : "no"
configure:17185: result:       build examples          : "yes"
configure:17195: result:       build with gcov support : "no"

## ---------------- ##
## Cache variables. ##
## ---------------- ##

ac_cv_build=x86_64-pc-linux-gnu
ac_cv_c_bigendian=no
ac_cv_c_compiler_gnu=yes
ac_cv_env_A2X_set=
ac_cv_env_A2X_value=
ac_cv_env_CC_set=
ac_cv_env_CC_value=
ac_cv_env_CFLAGS_set=
ac_cv_env_CFLAGS_value=
ac_cv_env_CPPFLAGS_set=
ac_cv_env_CPPFLAGS_value=
ac_cv_env_CPP_set=
ac_cv_env_CPP_value=
ac_cv_env_CTAGS_PROG_set=
ac_cv_env_CTAGS_PROG_value=
ac_cv_env_CUNIT_CFLAGS_set=
ac_cv_env_CUNIT_CFLAGS_value=
ac_cv_env_CUNIT_LIBS_set=
ac_cv_env_CUNIT_LIBS_value=
ac_cv_env_GnuTLS_CFLAGS_set=
ac_cv_env_GnuTLS_CFLAGS_value=
ac_cv_env_GnuTLS_LIBS_set=
ac_cv_env_GnuTLS_LIBS_value=
ac_cv_env_LDFLAGS_set=
ac_cv_env_LDFLAGS_value=
ac_cv_env_LIBS_set=
ac_cv_env_LIBS_value=
ac_cv_env_LT_SYS_LIBRARY_PATH_set=
ac_cv_env_LT_SYS_LIBRARY_PATH_value=
ac_cv_env_OpenSSL_CFLAGS_set=
ac_cv_env_OpenSSL_CFLAGS_value=
ac_cv_env_OpenSSL_LIBS_set=
ac_cv_env_OpenSSL_LIBS_value=
ac_cv_env_PKG_CONFIG_LIBDIR_set=
ac_cv_env_PKG_CONFIG_LIBDIR_value=
ac_cv_env_PKG_CONFIG_PATH_set=
ac_cv_env_PKG_CONFIG_PATH_value=
ac_cv_env_PKG_CONFIG_set=
ac_cv_env_PKG_CONFIG_value=
ac_cv_env_build_alias_set=
ac_cv_env_build_alias_value=
ac_cv_env_host_alias_set=
ac_cv_env_host_alias_value=
ac_cv_env_target_alias_set=
ac_cv_env_target_alias_value=
ac_cv_func_getaddrinfo=yes
ac_cv_func_malloc=yes
ac_cv_func_memset=yes
ac_cv_func_select=yes
ac_cv_func_socket=yes
ac_cv_func_strcasecmp=yes
ac_cv_func_strnlen=yes
ac_cv_func_strrchr=yes
ac_cv_header_arpa_inet_h=yes
ac_cv_header_assert_h=yes
ac_cv_header_dlfcn_h=yes
ac_cv_header_inttypes_h=yes
ac_cv_header_limits_h=yes
ac_cv_header_memory_h=yes
ac_cv_header_netdb_h=yes
ac_cv_header_netinet_in_h=yes
ac_cv_header_stdc=yes
ac_cv_header_stdint_h=yes
ac_cv_header_stdlib_h=yes
ac_cv_header_string_h=yes
ac_cv_header_strings_h=yes
ac_cv_header_sys_ioctl_h=yes
ac_cv_header_sys_socket_h=yes
ac_cv_header_sys_stat_h=yes
ac_cv_header_sys_time_h=yes
ac_cv_header_sys_types_h=yes
ac_cv_header_sys_unistd_h=yes
ac_cv_header_syslog_h=yes
ac_cv_header_time_h=yes
ac_cv_header_unistd_h=yes
ac_cv_host=x86_64-pc-linux-gnu
ac_cv_lib_mbedtls_mbedtls_ssl_handshake=yes
ac_cv_objext=o
ac_cv_path_EGREP='/bin/grep -E'
ac_cv_path_FGREP='/bin/grep -F'
ac_cv_path_GREP=/bin/grep
ac_cv_path_SED=/bin/sed
ac_cv_path_ac_pt_PKG_CONFIG=/usr/bin/pkg-config
ac_cv_path_install='/usr/bin/install -c'
ac_cv_path_lt_DD=/bin/dd
ac_cv_path_mkdir=/bin/mkdir
ac_cv_prog_AWK=gawk
ac_cv_prog_CPP='gcc -E'
ac_cv_prog_ac_ct_AR=ar
ac_cv_prog_ac_ct_CC=gcc
ac_cv_prog_ac_ct_MANIFEST_TOOL=mt
ac_cv_prog_ac_ct_OBJDUMP=objdump
ac_cv_prog_ac_ct_RANLIB=ranlib
ac_cv_prog_ac_ct_STRIP=strip
ac_cv_prog_cc_c89=
ac_cv_prog_cc_g=yes
ac_cv_prog_make_make_set=yes
ac_cv_search_clock_gettime='none required'
ac_cv_search_inet_ntop='none required'
ac_cv_search_socket='none required'
ac_cv_type_size_t=yes
ac_cv_type_ssize_t=yes
ac_cv_type_struct_cmsghdr=yes
am_cv_CC_dependencies_compiler_type=gcc3
am_cv_ar_interface=ar
am_cv_make_support_nested_variables=yes
am_cv_prog_cc_c_o=yes
ax_cv_check_cflags__Werror__Wlogical_op=yes
ax_cv_check_cflags__Werror__fdiagnostics_color=yes
ax_cv_check_cflags___Wunused_result=yes
ax_cv_check_ldflags___Wl___version_script___libcoap_2_map=yes
lt_cv_ar_at_file=@
lt_cv_deplibs_check_method=pass_all
lt_cv_file_magic_cmd='$MAGIC_CMD'
lt_cv_file_magic_test_file=
lt_cv_ld_reload_flag=-r
lt_cv_nm_interface='BSD nm'
lt_cv_objdir=.libs
lt_cv_path_LD=/usr/bin/ld
lt_cv_path_NM='/usr/bin/nm -B'
lt_cv_path_mainfest_tool=no
lt_cv_prog_compiler_c_o=yes
lt_cv_prog_compiler_pic='-fPIC -DPIC'
lt_cv_prog_compiler_pic_works=yes
lt_cv_prog_compiler_rtti_exceptions=no
lt_cv_prog_compiler_static_works=yes
lt_cv_prog_gnu_ld=yes
lt_cv_sharedlib_from_linklib_cmd='printf %s\n'
lt_cv_shlibpath_overrides_runpath=yes
lt_cv_sys_global_symbol_pipe='sed -n -e '\''s/^.*[	 ]\([ABCDGIRSTW][ABCDGIRSTW]*\)[	 ][	 ]*\([_A-Za-z][_A-Za-z0-9]*\)$/\1 \2 \2/p'\'' | sed '\''/ __gnu_lto/d'\'''
lt_cv_sys_global_symbol_to_c_name_address='sed -n -e '\''s/^: \(.*\) .*$/  {"\1", (void *) 0},/p'\'' -e '\''s/^[ABCDGIRSTW][ABCDGIRSTW]* .* \(.*\)$/  {"\1", (void *) \&\1},/p'\'''
lt_cv_sys_global_symbol_to_c_name_address_lib_prefix='sed -n -e '\''s/^: \(.*\) .*$/  {"\1", (void *) 0},/p'\'' -e '\''s/^[ABCDGIRSTW][ABCDGIRSTW]* .* \(lib.*\)$/  {"\1", (void *) \&\1},/p'\'' -e '\''s/^[ABCDGIRSTW][ABCDGIRSTW]* .* \(.*\)$/  {"lib\1", (void *) \&\1},/p'\'''
lt_cv_sys_global_symbol_to_cdecl='sed -n -e '\''s/^T .* \(.*\)$/extern int \1();/p'\'' -e '\''s/^[ABCDGIRSTW][ABCDGIRSTW]* .* \(.*\)$/extern char \1;/p'\'''
lt_cv_sys_global_symbol_to_import=
lt_cv_sys_max_cmd_len=1572864
lt_cv_to_host_file_cmd=func_convert_file_noop
lt_cv_to_tool_file_cmd=func_convert_file_noop
lt_cv_truncate_bin='/bin/dd bs=4096 count=1'
pkg_cv_OpenSSL_CFLAGS=
pkg_cv_OpenSSL_LIBS='-lssl -lcrypto'

## ----------------- ##
## Output variables. ##
## ----------------- ##

A2X=''
ACLOCAL='${SHELL} /home/pegah/libcoap-mbed/libcoap/missing aclocal-1.15'
AMDEPBACKSLASH='\'
AMDEP_FALSE='#'
AMDEP_TRUE=''
AMTAR='$${TAR-tar}'
AM_BACKSLASH='\'
AM_DEFAULT_V='$(AM_DEFAULT_VERBOSITY)'
AM_DEFAULT_VERBOSITY='1'
AM_V='$(V)'
AR='ar'
AUTOCONF='${SHELL} /home/pegah/libcoap-mbed/libcoap/missing autoconf'
AUTOHEADER='${SHELL} /home/pegah/libcoap-mbed/libcoap/missing autoheader'
AUTOMAKE='${SHELL} /home/pegah/libcoap-mbed/libcoap/missing automake-1.15'
AWK='gawk'
BUILD_DOCUMENTATION_FALSE='#'
BUILD_DOCUMENTATION_TRUE=''
BUILD_DOXYGEN_FALSE=''
BUILD_DOXYGEN_TRUE='#'
BUILD_EXAMPLES_FALSE='#'
BUILD_EXAMPLES_TRUE=''
BUILD_MANPAGES_FALSE=''
BUILD_MANPAGES_TRUE='#'
CC='gcc'
CCDEPMODE='depmode=gcc3'
CFLAGS='-g -O2 -fdiagnostics-color -D_GNU_SOURCE'
CPP='gcc -E'
CPPFLAGS=''
CTAGS_PROG=''
CUNIT_CFLAGS=''
CUNIT_LIBS=''
CYGPATH_W='echo'
DEFS='-DHAVE_CONFIG_H'
DEPDIR='.deps'
DLLTOOL='false'
DOC_DIR=''
DOLLAR_SIGN='$'
DOT=''
DOXYGEN=''
DSYMUTIL=''
DTLS_CFLAGS=''
DTLS_LIBS='-lmbedtls -lmbedcrypto -lmbedx509'
DUMPBIN=''
ECHO_C=''
ECHO_N='-n'
ECHO_T=''
EGREP='/bin/grep -E'
EXEEXT=''
FGREP='/bin/grep -F'
GREP='/bin/grep'
GnuTLS_CFLAGS=''
GnuTLS_LIBS=''
HAVE_CUNIT_FALSE=''
HAVE_CUNIT_TRUE='#'
HAVE_DOT=''
HAVE_DOXYGEN_FALSE=''
HAVE_DOXYGEN_TRUE='#'
INSTALL_DATA='${INSTALL} -m 644'
INSTALL_PROGRAM='${INSTALL}'
INSTALL_SCRIPT='${INSTALL}'
INSTALL_STRIP_PROGRAM='$(install_sh) -c -s'
LD='/usr/bin/ld -m elf_x86_64'
LDFLAGS=''
LIBCOAP_API_VERSION='2'
LIBCOAP_DTLS_LIB_EXTENSION_NAME='-mbedtls'
LIBCOAP_NAME_SUFFIX='2-mbedtls'
LIBCOAP_SO_VERSION='1.0.1'
LIBOBJS=''
LIBS=''
LIBTOOL='$(SHELL) $(top_builddir)/libtool'
LIPO=''
LN_S='ln -s'
LTLIBOBJS=''
LT_LIBCOAP_AGE='1'
LT_LIBCOAP_CURRENT='1'
LT_LIBCOAP_REVISION='0'
LT_SYS_LIBRARY_PATH=''
MAKEINFO='${SHELL} /home/pegah/libcoap-mbed/libcoap/missing makeinfo'
MANIFEST_TOOL=':'
MAN_DIR=''
MKDIR_P='/bin/mkdir -p'
NM='/usr/bin/nm -B'
NMEDIT=''
OBJDUMP='objdump'
OBJEXT='o'
OTOOL64=''
OTOOL=''
OpenSSL_CFLAGS=''
OpenSSL_LIBS='-lssl -lcrypto'
PACKAGE='libcoap'
PACKAGE_BUGREPORT='libcoap-developers@lists.sourceforge.net'
PACKAGE_NAME='libcoap'
PACKAGE_STRING='libcoap 4.2.0'
PACKAGE_TARNAME='libcoap'
PACKAGE_URL='https://libcoap.net/'
PACKAGE_VERSION='4.2.0'
PATH_SEPARATOR=':'
PKG_CONFIG='/usr/bin/pkg-config'
PKG_CONFIG_LIBDIR=''
PKG_CONFIG_PATH=''
PREDEFINED_CFLAGS='_GNU_SOURCE'
RANLIB='ranlib'
SED='/bin/sed'
SET_MAKE=''
SHELL='/bin/bash'
STRIP='strip'
USE_CALL_GRAPH=''
VERSION='4.2.0'
WARNING_CFLAGS='-pedantic -Wall -Wcast-qual -Wextra -Wformat-security -Winline -Wmissing-declarations -Wmissing-prototypes -Wnested-externs -Wpointer-arith -Wshadow -Wstrict-prototypes -Wswitch-default -Wswitch-enum -Wunused -Wwrite-strings  -Wlogical-op -Wunused-result'
ac_ct_AR='ar'
ac_ct_CC='gcc'
ac_ct_DUMPBIN=''
am__EXEEXT_FALSE=''
am__EXEEXT_TRUE='#'
am__fastdepCC_FALSE='#'
am__fastdepCC_TRUE=''
am__include='include'
am__isrc=''
am__leading_dot='.'
am__nodep='_no'
am__quote=''
am__tar='$${TAR-tar} chof - "$$tardir"'
am__untar='$${TAR-tar} xf -'
bindir='${exec_prefix}/bin'
build='x86_64-pc-linux-gnu'
build_alias=''
build_cpu='x86_64'
build_os='linux-gnu'
build_vendor='pc'
datadir='${datarootdir}'
datarootdir='${prefix}/share'
docdir='${datarootdir}/doc/${PACKAGE_TARNAME}'
dvidir='${docdir}'
exec_prefix='${prefix}'
host='x86_64-pc-linux-gnu'
host_alias=''
host_cpu='x86_64'
host_os='linux-gnu'
host_vendor='pc'
htmldir='${docdir}'
includedir='${prefix}/include'
infodir='${datarootdir}/info'
install_sh='${SHELL} /home/pegah/libcoap-mbed/libcoap/install-sh'
libcoap_SYMBOLS='-Wl,--version-script=$(srcdir)/libcoap-$(LIBCOAP_API_VERSION).map'
libdir='${exec_prefix}/lib'
libexecdir='${exec_prefix}/libexec'
localedir='${datarootdir}/locale'
localstatedir='${prefix}/var'
mandir='${datarootdir}/man'
mkdir_p='$(MKDIR_P)'
oldincludedir='/usr/include'
pdfdir='${docdir}'
prefix='/usr/local'
program_transform_name='s,x,x,'
psdir='${docdir}'
runstatedir='${localstatedir}/run'
sbindir='${exec_prefix}/sbin'
sharedstatedir='${prefix}/com'
subdirs=''
sysconfdir='${prefix}/etc'
target_alias=''

## ----------- ##
## confdefs.h. ##
## ----------- ##

/* confdefs.h */
#define PACKAGE_NAME "libcoap"
#define PACKAGE_TARNAME "libcoap"
#define PACKAGE_VERSION "4.2.0"
#define PACKAGE_STRING "libcoap 4.2.0"
#define PACKAGE_BUGREPORT "libcoap-developers@lists.sourceforge.net"
#define PACKAGE_URL "https://libcoap.net/"
#define STDC_HEADERS 1
#define HAVE_SYS_TYPES_H 1
#define HAVE_SYS_STAT_H 1
#define HAVE_STDLIB_H 1
#define HAVE_STRING_H 1
#define HAVE_MEMORY_H 1
#define HAVE_STRINGS_H 1
#define HAVE_INTTYPES_H 1
#define HAVE_STDINT_H 1
#define HAVE_UNISTD_H 1
#define HAVE_DLFCN_H 1
#define LT_OBJDIR ".libs/"
#define HAVE_MBEDTLS 1
#define HAVE_ASSERT_H 1
#define HAVE_ARPA_INET_H 1
#define HAVE_LIMITS_H 1
#define HAVE_NETDB_H 1
#define HAVE_NETINET_IN_H 1
#define HAVE_STDLIB_H 1
#define HAVE_STRING_H 1
#define HAVE_STRINGS_H 1
#define HAVE_SYS_SOCKET_H 1
#define HAVE_SYS_TIME_H 1
#define HAVE_TIME_H 1
#define HAVE_UNISTD_H 1
#define HAVE_SYS_UNISTD_H 1
#define HAVE_SYSLOG_H 1
#define HAVE_SYS_IOCTL_H 1
#define HAVE_MEMSET 1
#define HAVE_SELECT 1
#define HAVE_SOCKET 1
#define HAVE_STRCASECMP 1
#define HAVE_STRRCHR 1
#define HAVE_GETADDRINFO 1
#define HAVE_STRNLEN 1
#define HAVE_MALLOC 1
#define HAVE_STRUCT_CMSGHDR 1

configure: exit 0
